FLOODED: UDP DNS 

===== CYCLE INFORMATION ======
Cycle Number: 2
Date Started: 03-24-2017 
Time Started: 10:40:29 
Date Ended: 03-24-2017 
Time Ended: 10:40:39 

===== STATISTICS =====
Nummber of packets obtained: 70250
Number of packets after filtering: 68318
Number of TCP packets after filtering: 0
Number of UDP packets after filtering: 68318
Number of ICMP packets after filtering: 0
Flows detected: 1
Flows with flooding: 1

===== THRESHOLD VALUES =====
Old TCP value: 60.0 
Old UDP value: 25.0 
Old ICMP value: 15.0 
New TCP value: 40.0 
New UDP value: 55.0 
New ICMP value: 5.0 

===== SUSPICION COUNT =====
IP Address: 150.75.25.25
Count: 1

