FLOODED: 

===== CYCLE INFORMATION ======
Cycle Number: 3
Date Started: 03-24-2017 
Time Started: 10:41:01 
Date Ended: 03-24-2017 
Time Ended: 10:41:12 

===== STATISTICS =====
Nummber of packets obtained: 21
Number of packets after filtering: 11
Number of TCP packets after filtering: 0
Number of UDP packets after filtering: 0
Number of ICMP packets after filtering: 11
Flows detected: 1
Flows with flooding: 0

===== THRESHOLD VALUES =====
Old TCP value: 40.0 
Old UDP value: 55.0 
Old ICMP value: 5.0 
New TCP value: 40.0 
New UDP value: 55.0 
New ICMP value: 5.0 

===== SUSPICION COUNT =====
