FLOODED: 

===== CYCLE INFORMATION ======
Cycle Number: 4
Date Started: 03-24-2017 
Time Started: 10:41:22 
Date Ended: 03-24-2017 
Time Ended: 10:41:32 

===== STATISTICS =====
Nummber of packets obtained: 19
Number of packets after filtering: 10
Number of TCP packets after filtering: 0
Number of UDP packets after filtering: 0
Number of ICMP packets after filtering: 10
Flows detected: 1
Flows with flooding: 0

===== THRESHOLD VALUES =====
Old TCP value: 
Old UDP value: 
Old ICMP value: 
New TCP value: 
New UDP value: 
New ICMP value: 

===== SUSPICION COUNT =====
