FLOODED: ICMP ECHO-REPLY NULL 

===== CYCLE INFORMATION ======
Cycle Number: 2
Date Started: 03-31-2017 
Time Started: 19:51:54 
Date Ended: 03-31-2017 
Time Ended: 19:52:14 

===== STATISTICS =====
Nummber of packets obtained: 126152
Number of packets after filtering: 63073
Total packet size after filtering: 6181838 bytes
Number of TCP packets after filtering: 0
Percentage of TCP packets: 0.0% 
Size of ALL TCP packets after filtering: 0 bytes
Number of UDP packets after filtering: 0
Percentage of UDP packets: 0.0% 
Size of ALL UDP packets after filtering: 0 bytes
Number of ICMP packets after filtering: 63073
Percentage of ICMP packets: 27.4748355556% 
Size of ALL ICMP packets after filtering: 6181838 bytes
Flows detected: 2
Flows with flooding: 1

===== THRESHOLD VALUES =====
Old TCP value: 
Old UDP value: 
Old ICMP value: 
New TCP value: 
New UDP value: 
New ICMP value: 

===== SUSPICION COUNT =====
IP Address: 150.75.25.25
Count: 1

