FLOODED: TCP OTHER SYN-ACK 

===== CYCLE INFORMATION ======
Cycle Number: 4
Date Started: 03-31-2017 
Time Started: 19:54:04 
Date Ended: 03-31-2017 
Time Ended: 19:54:24 

===== STATISTICS =====
Nummber of packets obtained: 139362
Number of packets after filtering: 128539
Total packet size after filtering: 14653490 bytes
Number of TCP packets after filtering: 128537
Percentage of TCP packets: 65.1254133333% 
Size of ALL TCP packets after filtering: 14653218 bytes
Number of UDP packets after filtering: 0
Percentage of UDP packets: 0.0% 
Size of ALL UDP packets after filtering: 0 bytes
Number of ICMP packets after filtering: 2
Percentage of ICMP packets: 0.00120888888889% 
Size of ALL ICMP packets after filtering: 272 bytes
Flows detected: 2
Flows with flooding: 1

===== THRESHOLD VALUES =====
Old TCP value: 
Old UDP value: 
Old ICMP value: 
New TCP value: 
New UDP value: 
New ICMP value: 

===== SUSPICION COUNT =====
IP Address: 150.75.25.25
Count: 1

