FLOODED: TCP OTHER SYN-ACK 

===== CYCLE INFORMATION ======
Cycle Number: 5
Date Started: 03-31-2017 
Time Started: 19:54:48 
Date Ended: 03-31-2017 
Time Ended: 19:55:08 

===== STATISTICS =====
Nummber of packets obtained: 62758
Number of packets after filtering: 56924
Total packet size after filtering: 6489622 bytes
Number of TCP packets after filtering: 56911
Percentage of TCP packets: 28.8349066667% 
Size of ALL TCP packets after filtering: 6487854 bytes
Number of UDP packets after filtering: 0
Percentage of UDP packets: 0.0% 
Size of ALL UDP packets after filtering: 0 bytes
Number of ICMP packets after filtering: 13
Percentage of ICMP packets: 0.00785777777778% 
Size of ALL ICMP packets after filtering: 1768 bytes
Flows detected: 2
Flows with flooding: 1

===== THRESHOLD VALUES =====
Old TCP value: 
Old UDP value: 
Old ICMP value: 
New TCP value: 
New UDP value: 
New ICMP value: 

===== SUSPICION COUNT =====
IP Address: 150.75.25.25
Count: 1

