FLOODED: UDP DHCP NULL 

===== CYCLE INFORMATION ======
Cycle Number: 3
Date Started: 03-31-2017 
Time Started: 19:52:37 
Date Ended: 03-31-2017 
Time Ended: 19:52:57 

===== STATISTICS =====
Nummber of packets obtained: 125934
Number of packets after filtering: 94959
Total packet size after filtering: 9562440 bytes
Number of TCP packets after filtering: 0
Percentage of TCP packets: 0.0% 
Size of ALL TCP packets after filtering: 0 bytes
Number of UDP packets after filtering: 63991
Percentage of UDP packets: 29.0092533333% 
Size of ALL UDP packets after filtering: 6527082 bytes
Number of ICMP packets after filtering: 30968
Percentage of ICMP packets: 13.49048% 
Size of ALL ICMP packets after filtering: 3035358 bytes
Flows detected: 2
Flows with flooding: 1

===== THRESHOLD VALUES =====
Old TCP value: 
Old UDP value: 
Old ICMP value: 
New TCP value: 
New UDP value: 
New ICMP value: 

===== SUSPICION COUNT =====
IP Address: 150.75.25.25
Count: 1

